<?xml version="1.0" encoding="UTF-8"?>
<testsuite name="functionTest" tests="2" skipped="0" failures="0" errors="0" timestamp="2020-11-02T02:53:49" hostname="jeremy" time="0.001">
  <properties/>
  <testcase name="givenX_whenFibonacciCalled_thenReturnXthNumberInFibSequence" classname="functionTest" time="0.0"/>
  <testcase name="givenX_whenGammaCalled_thenReturnXFactorial" classname="functionTest" time="0.0"/>
  <system-out><![CDATA[]]></system-out>
  <system-err><![CDATA[]]></system-err>
</testsuite>
